<?xml version="1.0" encoding="UTF-8"?>
<coverage generated="1644315202172" clover="3.2.0">
  <project timestamp="1644315202173" name="All files">
    <metrics statements="71" coveredstatements="58" conditionals="10" coveredconditionals="5" methods="17" coveredmethods="12" elements="98" coveredelements="75" complexity="0" loc="71" ncloc="71" packages="1" files="5" classes="5"/>
    <file name="broadcast.js" path="/Users/chetankulkarni/Documents/GitHub/node-slack/commands/broadcast.js">
      <metrics statements="9" coveredstatements="8" conditionals="0" coveredconditionals="0" methods="3" coveredmethods="2"/>
      <line num="16" count="1" type="stmt"/>
      <line num="17" count="1" type="stmt"/>
      <line num="20" count="1" type="stmt"/>
      <line num="24" count="1" type="stmt"/>
      <line num="33" count="1" type="stmt"/>
      <line num="35" count="1" type="stmt"/>
      <line num="38" count="1" type="stmt"/>
      <line num="41" count="0" type="stmt"/>
      <line num="45" count="1" type="stmt"/>
    </file>
    <file name="getAllUsers.js" path="/Users/chetankulkarni/Documents/GitHub/node-slack/commands/getAllUsers.js">
      <metrics statements="17" coveredstatements="14" conditionals="2" coveredconditionals="1" methods="4" coveredmethods="3"/>
      <line num="13" count="1" type="stmt"/>
      <line num="14" count="1" type="stmt"/>
      <line num="15" count="1" type="stmt"/>
      <line num="19" count="1" type="stmt"/>
      <line num="20" count="1" type="stmt"/>
      <line num="29" count="1" type="stmt"/>
      <line num="32" count="1" type="cond" truecount="1" falsecount="1"/>
      <line num="33" count="1" type="stmt"/>
      <line num="37" count="1" type="stmt"/>
      <line num="38" count="1" type="stmt"/>
      <line num="40" count="1" type="stmt"/>
      <line num="41" count="3" type="stmt"/>
      <line num="43" count="1" type="stmt"/>
      <line num="46" count="0" type="stmt"/>
      <line num="49" count="0" type="stmt"/>
      <line num="55" count="0" type="stmt"/>
      <line num="61" count="1" type="stmt"/>
    </file>
    <file name="getConversation.js" path="/Users/chetankulkarni/Documents/GitHub/node-slack/commands/getConversation.js">
      <metrics statements="18" coveredstatements="15" conditionals="4" coveredconditionals="2" methods="4" coveredmethods="3"/>
      <line num="16" count="1" type="stmt"/>
      <line num="17" count="1" type="stmt"/>
      <line num="21" count="1" type="stmt"/>
      <line num="23" count="1" type="stmt"/>
      <line num="29" count="1" type="stmt"/>
      <line num="30" count="1" type="stmt"/>
      <line num="40" count="1" type="stmt"/>
      <line num="42" count="1" type="cond" truecount="1" falsecount="1"/>
      <line num="43" count="1" type="stmt"/>
      <line num="47" count="1" type="stmt"/>
      <line num="48" count="1" type="stmt"/>
      <line num="50" count="1" type="stmt"/>
      <line num="51" count="3" type="stmt"/>
      <line num="53" count="1" type="stmt"/>
      <line num="56" count="0" type="stmt"/>
      <line num="59" count="0" type="stmt"/>
      <line num="65" count="0" type="stmt"/>
      <line num="71" count="1" type="stmt"/>
    </file>
    <file name="getUser.js" path="/Users/chetankulkarni/Documents/GitHub/node-slack/commands/getUser.js">
      <metrics statements="14" coveredstatements="11" conditionals="2" coveredconditionals="1" methods="3" coveredmethods="2"/>
      <line num="14" count="1" type="stmt"/>
      <line num="15" count="1" type="stmt"/>
      <line num="19" count="1" type="stmt"/>
      <line num="23" count="1" type="stmt"/>
      <line num="24" count="1" type="stmt"/>
      <line num="34" count="1" type="stmt"/>
      <line num="37" count="1" type="cond" truecount="1" falsecount="1"/>
      <line num="38" count="1" type="stmt"/>
      <line num="42" count="1" type="stmt"/>
      <line num="43" count="1" type="stmt"/>
      <line num="46" count="0" type="stmt"/>
      <line num="49" count="0" type="stmt"/>
      <line num="55" count="0" type="stmt"/>
      <line num="61" count="1" type="stmt"/>
    </file>
    <file name="sendMessage.js" path="/Users/chetankulkarni/Documents/GitHub/node-slack/commands/sendMessage.js">
      <metrics statements="13" coveredstatements="10" conditionals="2" coveredconditionals="1" methods="3" coveredmethods="2"/>
      <line num="17" count="1" type="stmt"/>
      <line num="18" count="1" type="stmt"/>
      <line num="22" count="1" type="stmt"/>
      <line num="23" count="1" type="stmt"/>
      <line num="27" count="1" type="stmt"/>
      <line num="37" count="1" type="stmt"/>
      <line num="40" count="1" type="cond" truecount="1" falsecount="1"/>
      <line num="41" count="1" type="stmt"/>
      <line num="46" count="0" type="stmt"/>
      <line num="49" count="0" type="stmt"/>
      <line num="53" count="1" type="stmt"/>
      <line num="56" count="0" type="stmt"/>
      <line num="62" count="1" type="stmt"/>
    </file>
  </project>
</coverage>
