{"/Users/chetankulkarni/Documents/GitHub/node-slack/commands/broadcast.js": {"path":"/Users/chetankulkarni/Documents/GitHub/node-slack/commands/broadcast.js","statementMap":{"0":{"start":{"line":16,"column":14},"end":{"line":16,"column":30}},"1":{"start":{"line":17,"column":14},"end":{"line":17,"column":30}},"2":{"start":{"line":20,"column":17},"end":{"line":22,"column":8}},"3":{"start":{"line":24,"column":19},"end":{"line":31,"column":7}},"4":{"start":{"line":33,"column":6},"end":{"line":42,"column":9}},"5":{"start":{"line":35,"column":8},"end":{"line":37,"column":12}},"6":{"start":{"line":38,"column":8},"end":{"line":38,"column":30}},"7":{"start":{"line":41,"column":8},"end":{"line":41,"column":46}},"8":{"start":{"line":45,"column":0},"end":{"line":45,"column":26}}},"fnMap":{"0":{"name":"broadcast","decl":{"start":{"line":19,"column":15},"end":{"line":19,"column":24}},"loc":{"start":{"line":19,"column":35},"end":{"line":43,"column":1}},"line":19},"1":{"name":"(anonymous_1)","decl":{"start":{"line":34,"column":12},"end":{"line":34,"column":13}},"loc":{"start":{"line":34,"column":32},"end":{"line":39,"column":7}},"line":34},"2":{"name":"(anonymous_2)","decl":{"start":{"line":40,"column":13},"end":{"line":40,"column":14}},"loc":{"start":{"line":40,"column":30},"end":{"line":42,"column":7}},"line":40}},"branchMap":{},"s":{"0":1,"1":1,"2":1,"3":1,"4":1,"5":1,"6":1,"7":0,"8":1},"f":{"0":1,"1":1,"2":0},"b":{},"_coverageSchema":"1a1c01bbd47fc00a2c39e90264f33305004495a9","hash":"272ea682af70a2878bd5ab3295fdc73f61bcb220"}
,"/Users/chetankulkarni/Documents/GitHub/node-slack/commands/getAllUsers.js": {"path":"/Users/chetankulkarni/Documents/GitHub/node-slack/commands/getAllUsers.js","statementMap":{"0":{"start":{"line":13,"column":13},"end":{"line":13,"column":36}},"1":{"start":{"line":14,"column":14},"end":{"line":14,"column":30}},"2":{"start":{"line":15,"column":14},"end":{"line":15,"column":30}},"3":{"start":{"line":19,"column":18},"end":{"line":19,"column":45}},"4":{"start":{"line":20,"column":19},"end":{"line":27,"column":7}},"5":{"start":{"line":29,"column":6},"end":{"line":58,"column":9}},"6":{"start":{"line":32,"column":8},"end":{"line":52,"column":9}},"7":{"start":{"line":33,"column":8},"end":{"line":35,"column":12}},"8":{"start":{"line":37,"column":22},"end":{"line":37,"column":46}},"9":{"start":{"line":38,"column":10},"end":{"line":38,"column":68}},"10":{"start":{"line":40,"column":10},"end":{"line":42,"column":13}},"11":{"start":{"line":41,"column":12},"end":{"line":41,"column":32}},"12":{"start":{"line":43,"column":10},"end":{"line":43,"column":32}},"13":{"start":{"line":46,"column":12},"end":{"line":48,"column":17}},"14":{"start":{"line":49,"column":12},"end":{"line":51,"column":21}},"15":{"start":{"line":55,"column":8},"end":{"line":57,"column":9}},"16":{"start":{"line":61,"column":0},"end":{"line":61,"column":28}}},"fnMap":{"0":{"name":"getAllUsers","decl":{"start":{"line":17,"column":15},"end":{"line":17,"column":26}},"loc":{"start":{"line":17,"column":30},"end":{"line":59,"column":1}},"line":17},"1":{"name":"(anonymous_1)","decl":{"start":{"line":30,"column":12},"end":{"line":30,"column":13}},"loc":{"start":{"line":30,"column":32},"end":{"line":53,"column":5}},"line":30},"2":{"name":"(anonymous_2)","decl":{"start":{"line":40,"column":24},"end":{"line":40,"column":25}},"loc":{"start":{"line":40,"column":35},"end":{"line":42,"column":11}},"line":40},"3":{"name":"(anonymous_3)","decl":{"start":{"line":54,"column":13},"end":{"line":54,"column":14}},"loc":{"start":{"line":54,"column":30},"end":{"line":58,"column":7}},"line":54}},"branchMap":{"0":{"loc":{"start":{"line":32,"column":8},"end":{"line":52,"column":9}},"type":"if","locations":[{"start":{"line":32,"column":8},"end":{"line":52,"column":9}},{"start":{"line":45,"column":12},"end":{"line":52,"column":9}}],"line":32}},"s":{"0":1,"1":1,"2":1,"3":1,"4":1,"5":1,"6":1,"7":1,"8":1,"9":1,"10":1,"11":3,"12":1,"13":0,"14":0,"15":0,"16":1},"f":{"0":1,"1":1,"2":3,"3":0},"b":{"0":[1,0]},"_coverageSchema":"1a1c01bbd47fc00a2c39e90264f33305004495a9","hash":"c1f0c1f64b520b9983516f30a2f5e9a88476e190"}
,"/Users/chetankulkarni/Documents/GitHub/node-slack/commands/getConversation.js": {"path":"/Users/chetankulkarni/Documents/GitHub/node-slack/commands/getConversation.js","statementMap":{"0":{"start":{"line":16,"column":14},"end":{"line":16,"column":30}},"1":{"start":{"line":17,"column":14},"end":{"line":17,"column":30}},"2":{"start":{"line":21,"column":18},"end":{"line":21,"column":45}},"3":{"start":{"line":23,"column":19},"end":{"line":26,"column":5}},"4":{"start":{"line":29,"column":4},"end":{"line":29,"column":23}},"5":{"start":{"line":30,"column":19},"end":{"line":38,"column":7}},"6":{"start":{"line":40,"column":6},"end":{"line":68,"column":9}},"7":{"start":{"line":42,"column":8},"end":{"line":62,"column":9}},"8":{"start":{"line":43,"column":8},"end":{"line":45,"column":12}},"9":{"start":{"line":47,"column":36},"end":{"line":47,"column":61}},"10":{"start":{"line":48,"column":8},"end":{"line":48,"column":82}},"11":{"start":{"line":50,"column":8},"end":{"line":52,"column":11}},"12":{"start":{"line":51,"column":10},"end":{"line":51,"column":30}},"13":{"start":{"line":53,"column":8},"end":{"line":53,"column":31}},"14":{"start":{"line":56,"column":12},"end":{"line":58,"column":17}},"15":{"start":{"line":59,"column":12},"end":{"line":61,"column":21}},"16":{"start":{"line":65,"column":8},"end":{"line":67,"column":9}},"17":{"start":{"line":71,"column":0},"end":{"line":71,"column":32}}},"fnMap":{"0":{"name":"getConversation","decl":{"start":{"line":20,"column":15},"end":{"line":20,"column":30}},"loc":{"start":{"line":20,"column":48},"end":{"line":69,"column":1}},"line":20},"1":{"name":"(anonymous_1)","decl":{"start":{"line":41,"column":12},"end":{"line":41,"column":13}},"loc":{"start":{"line":41,"column":32},"end":{"line":63,"column":5}},"line":41},"2":{"name":"(anonymous_2)","decl":{"start":{"line":50,"column":36},"end":{"line":50,"column":37}},"loc":{"start":{"line":50,"column":47},"end":{"line":52,"column":9}},"line":50},"3":{"name":"(anonymous_3)","decl":{"start":{"line":64,"column":13},"end":{"line":64,"column":14}},"loc":{"start":{"line":64,"column":30},"end":{"line":68,"column":7}},"line":64}},"branchMap":{"0":{"loc":{"start":{"line":25,"column":15},"end":{"line":25,"column":38}},"type":"cond-expr","locations":[{"start":{"line":25,"column":26},"end":{"line":25,"column":34}},{"start":{"line":25,"column":37},"end":{"line":25,"column":38}}],"line":25},"1":{"loc":{"start":{"line":42,"column":8},"end":{"line":62,"column":9}},"type":"if","locations":[{"start":{"line":42,"column":8},"end":{"line":62,"column":9}},{"start":{"line":55,"column":12},"end":{"line":62,"column":9}}],"line":42}},"s":{"0":1,"1":1,"2":1,"3":1,"4":1,"5":1,"6":1,"7":1,"8":1,"9":1,"10":1,"11":1,"12":3,"13":1,"14":0,"15":0,"16":0,"17":1},"f":{"0":1,"1":1,"2":3,"3":0},"b":{"0":[1,0],"1":[1,0]},"_coverageSchema":"1a1c01bbd47fc00a2c39e90264f33305004495a9","hash":"10605461b1c4ad50439749d3b2961f3272c5a6ba"}
,"/Users/chetankulkarni/Documents/GitHub/node-slack/commands/getUser.js": {"path":"/Users/chetankulkarni/Documents/GitHub/node-slack/commands/getUser.js","statementMap":{"0":{"start":{"line":14,"column":14},"end":{"line":14,"column":30}},"1":{"start":{"line":15,"column":14},"end":{"line":15,"column":30}},"2":{"start":{"line":19,"column":18},"end":{"line":21,"column":5}},"3":{"start":{"line":23,"column":18},"end":{"line":23,"column":45}},"4":{"start":{"line":24,"column":19},"end":{"line":32,"column":7}},"5":{"start":{"line":34,"column":6},"end":{"line":58,"column":9}},"6":{"start":{"line":37,"column":8},"end":{"line":52,"column":9}},"7":{"start":{"line":38,"column":8},"end":{"line":40,"column":12}},"8":{"start":{"line":42,"column":10},"end":{"line":42,"column":45}},"9":{"start":{"line":43,"column":8},"end":{"line":43,"column":30}},"10":{"start":{"line":46,"column":12},"end":{"line":48,"column":17}},"11":{"start":{"line":49,"column":12},"end":{"line":51,"column":21}},"12":{"start":{"line":55,"column":8},"end":{"line":57,"column":9}},"13":{"start":{"line":61,"column":0},"end":{"line":61,"column":24}}},"fnMap":{"0":{"name":"getUser","decl":{"start":{"line":17,"column":15},"end":{"line":17,"column":22}},"loc":{"start":{"line":17,"column":30},"end":{"line":59,"column":1}},"line":17},"1":{"name":"(anonymous_1)","decl":{"start":{"line":35,"column":12},"end":{"line":35,"column":13}},"loc":{"start":{"line":35,"column":32},"end":{"line":53,"column":5}},"line":35},"2":{"name":"(anonymous_2)","decl":{"start":{"line":54,"column":13},"end":{"line":54,"column":14}},"loc":{"start":{"line":54,"column":30},"end":{"line":58,"column":7}},"line":54}},"branchMap":{"0":{"loc":{"start":{"line":37,"column":8},"end":{"line":52,"column":9}},"type":"if","locations":[{"start":{"line":37,"column":8},"end":{"line":52,"column":9}},{"start":{"line":45,"column":12},"end":{"line":52,"column":9}}],"line":37}},"s":{"0":1,"1":1,"2":1,"3":1,"4":1,"5":1,"6":1,"7":1,"8":1,"9":1,"10":0,"11":0,"12":0,"13":1},"f":{"0":1,"1":1,"2":0},"b":{"0":[1,0]},"_coverageSchema":"1a1c01bbd47fc00a2c39e90264f33305004495a9","hash":"a2a044d7e469353f2f312c160e064dc16933a65a"}
,"/Users/chetankulkarni/Documents/GitHub/node-slack/commands/sendMessage.js": {"path":"/Users/chetankulkarni/Documents/GitHub/node-slack/commands/sendMessage.js","statementMap":{"0":{"start":{"line":17,"column":14},"end":{"line":17,"column":30}},"1":{"start":{"line":18,"column":14},"end":{"line":18,"column":30}},"2":{"start":{"line":22,"column":18},"end":{"line":22,"column":45}},"3":{"start":{"line":23,"column":17},"end":{"line":26,"column":8}},"4":{"start":{"line":27,"column":19},"end":{"line":35,"column":7}},"5":{"start":{"line":37,"column":6},"end":{"line":59,"column":9}},"6":{"start":{"line":40,"column":8},"end":{"line":52,"column":9}},"7":{"start":{"line":41,"column":8},"end":{"line":43,"column":12}},"8":{"start":{"line":46,"column":12},"end":{"line":48,"column":17}},"9":{"start":{"line":49,"column":12},"end":{"line":51,"column":21}},"10":{"start":{"line":53,"column":8},"end":{"line":53,"column":30}},"11":{"start":{"line":56,"column":8},"end":{"line":58,"column":9}},"12":{"start":{"line":62,"column":0},"end":{"line":62,"column":28}}},"fnMap":{"0":{"name":"sendMessage","decl":{"start":{"line":21,"column":15},"end":{"line":21,"column":26}},"loc":{"start":{"line":21,"column":45},"end":{"line":60,"column":1}},"line":21},"1":{"name":"(anonymous_1)","decl":{"start":{"line":38,"column":12},"end":{"line":38,"column":13}},"loc":{"start":{"line":38,"column":32},"end":{"line":54,"column":5}},"line":38},"2":{"name":"(anonymous_2)","decl":{"start":{"line":55,"column":13},"end":{"line":55,"column":14}},"loc":{"start":{"line":55,"column":30},"end":{"line":59,"column":7}},"line":55}},"branchMap":{"0":{"loc":{"start":{"line":40,"column":8},"end":{"line":52,"column":9}},"type":"if","locations":[{"start":{"line":40,"column":8},"end":{"line":52,"column":9}},{"start":{"line":45,"column":12},"end":{"line":52,"column":9}}],"line":40}},"s":{"0":1,"1":1,"2":1,"3":1,"4":1,"5":1,"6":1,"7":1,"8":0,"9":0,"10":1,"11":0,"12":1},"f":{"0":1,"1":1,"2":0},"b":{"0":[1,0]},"_coverageSchema":"1a1c01bbd47fc00a2c39e90264f33305004495a9","hash":"ffc4cc01496b71ee8769e58d8c63d28af3e35471"}
}
