TN:
SF:commands/broadcast.js
FN:19,broadcast
FN:34,(anonymous_1)
FN:40,(anonymous_2)
FNF:3
FNH:2
FNDA:1,broadcast
FNDA:1,(anonymous_1)
FNDA:0,(anonymous_2)
DA:16,1
DA:17,1
DA:20,1
DA:24,1
DA:33,1
DA:35,1
DA:38,1
DA:41,0
DA:45,1
LF:9
LH:8
BRF:0
BRH:0
end_of_record
TN:
SF:commands/getAllUsers.js
FN:17,getAllUsers
FN:30,(anonymous_1)
FN:40,(anonymous_2)
FN:54,(anonymous_3)
FNF:4
FNH:3
FNDA:1,getAllUsers
FNDA:1,(anonymous_1)
FNDA:3,(anonymous_2)
FNDA:0,(anonymous_3)
DA:13,1
DA:14,1
DA:15,1
DA:19,1
DA:20,1
DA:29,1
DA:32,1
DA:33,1
DA:37,1
DA:38,1
DA:40,1
DA:41,3
DA:43,1
DA:46,0
DA:49,0
DA:55,0
DA:61,1
LF:17
LH:14
BRDA:32,0,0,1
BRDA:32,0,1,0
BRF:2
BRH:1
end_of_record
TN:
SF:commands/getConversation.js
FN:20,getConversation
FN:41,(anonymous_1)
FN:50,(anonymous_2)
FN:64,(anonymous_3)
FNF:4
FNH:3
FNDA:1,getConversation
FNDA:1,(anonymous_1)
FNDA:3,(anonymous_2)
FNDA:0,(anonymous_3)
DA:16,1
DA:17,1
DA:21,1
DA:23,1
DA:29,1
DA:30,1
DA:40,1
DA:42,1
DA:43,1
DA:47,1
DA:48,1
DA:50,1
DA:51,3
DA:53,1
DA:56,0
DA:59,0
DA:65,0
DA:71,1
LF:18
LH:15
BRDA:25,0,0,1
BRDA:25,0,1,0
BRDA:42,1,0,1
BRDA:42,1,1,0
BRF:4
BRH:2
end_of_record
TN:
SF:commands/getUser.js
FN:17,getUser
FN:35,(anonymous_1)
FN:54,(anonymous_2)
FNF:3
FNH:2
FNDA:1,getUser
FNDA:1,(anonymous_1)
FNDA:0,(anonymous_2)
DA:14,1
DA:15,1
DA:19,1
DA:23,1
DA:24,1
DA:34,1
DA:37,1
DA:38,1
DA:42,1
DA:43,1
DA:46,0
DA:49,0
DA:55,0
DA:61,1
LF:14
LH:11
BRDA:37,0,0,1
BRDA:37,0,1,0
BRF:2
BRH:1
end_of_record
TN:
SF:commands/sendMessage.js
FN:21,sendMessage
FN:38,(anonymous_1)
FN:55,(anonymous_2)
FNF:3
FNH:2
FNDA:1,sendMessage
FNDA:1,(anonymous_1)
FNDA:0,(anonymous_2)
DA:17,1
DA:18,1
DA:22,1
DA:23,1
DA:27,1
DA:37,1
DA:40,1
DA:41,1
DA:46,0
DA:49,0
DA:53,1
DA:56,0
DA:62,1
LF:13
LH:10
BRDA:40,0,0,1
BRDA:40,0,1,0
BRF:2
BRH:1
end_of_record
